<?xml version="1.0" encoding="UTF-8"?>
<!-- Generated by org.testng.reporters.JUnitXMLReporter -->
<testsuite ignored="0" hostname="apples-MacBook-Air.local" failures="0" tests="5" name="Dummy" time="0.138" errors="0" timestamp="2023-10-12T10:53:36 IST">
  <testcase classname="TestNG.Sample" name="t1" time="0.025"/>
  <testcase classname="TestNG.Sample" name="t2" time="0.002"/>
  <testcase classname="TestNG.Sample" name="t3" time="0.004"/>
  <testcase classname="TestNG.Sample2" name="case1" time="0.001"/>
  <testcase classname="TestNG.Sample2" name="case2" time="0.002"/>
</testsuite> <!-- Dummy -->
